<?xml version="1.0" encoding="UTF-8"?>
<!-- Generated by org.testng.reporters.JUnitReportReporter -->
<testsuite hostname="DESKTOP-JEFE1IF" failures="0" tests="1" name="Test_Language.TestCase_English" time="23.356" errors="0" timestamp="2024-12-21T17:43:42 IST" skipped="0">
  <testcase classname="Test_Language.TestCase_English" name="EN_XDM_Licensing" time="23.356"/>
  <system-out/>
</testsuite> <!-- Test_Language.TestCase_English -->
