<?xml version="1.0" encoding="UTF-8"?>
<!-- Generated by org.testng.reporters.JUnitReportReporter -->
<testsuite hostname="DESKTOP-JEFE1IF" failures="0" tests="2" name="Test_Language.TestCase_English" time="47.910" errors="0" timestamp="2025-01-04T16:41:27 IST" skipped="0">
  <testcase classname="Test_Language.TestCase_English" name="EN_XDM_admin" time="26.309"/>
  <system-out/>
  <testcase classname="Test_Language.TestCase_English" name="EN_XDM_Licensing" time="21.601"/>
  <system-out/>
</testsuite> <!-- Test_Language.TestCase_English -->
