<?xml version="1.0" encoding="UTF-8"?>
<!-- Generated by org.testng.reporters.JUnitReportReporter -->
<testsuite hostname="DESKTOP-JEFE1IF" failures="0" tests="1" name="Test_Language.TestCase_German" time="17.885" errors="0" timestamp="2025-01-04T16:41:26 IST" skipped="0">
  <testcase classname="Test_Language.TestCase_German" name="EN_XDM_Licensing" time="17.885"/>
  <system-out/>
</testsuite> <!-- Test_Language.TestCase_German -->
